<?xml version="1.0" encoding="UTF-8"?>
<testng-results total="1" passed="1" failed="0" skipped="0">
  <reporter-output>
  </reporter-output>
  <suite started-at="2022-11-24T12:04:25Z" name="Command line suite" finished-at="2022-11-24T12:04:26Z" duration-ms="1290">
    <groups>
    </groups>
    <test started-at="2022-11-24T12:04:25Z" name="Command line test" finished-at="2022-11-24T12:04:26Z" duration-ms="1290">
      <class name="scripts.TestCase">
        <test-method is-config="true" signature="beforeSuite()[pri:0, instance:scripts.TestCase@69b2283a]" started-at="2022-11-24T17:34:19Z" name="beforeSuite" finished-at="2022-11-24T17:34:25Z" duration-ms="5702" status="PASS">
          <reporter-output>
          </reporter-output>
        </test-method> <!-- beforeSuite -->
        <test-method is-config="true" signature="beforemethod()[pri:0, instance:scripts.TestCase@69b2283a]" started-at="2022-11-24T17:34:25Z" name="beforemethod" finished-at="2022-11-24T17:34:25Z" duration-ms="0" status="PASS">
          <reporter-output>
          </reporter-output>
        </test-method> <!-- beforemethod -->
        <test-method signature="tc_1()[pri:0, instance:scripts.TestCase@69b2283a]" started-at="2022-11-24T17:34:25Z" name="tc_1" description="TC001-This test verifies validation message displayed when user login with blank user name and password" finished-at="2022-11-24T17:34:26Z" duration-ms="1283" status="PASS">
          <reporter-output>
          </reporter-output>
        </test-method> <!-- tc_1 -->
        <test-method is-config="true" signature="afterMethod()[pri:0, instance:scripts.TestCase@69b2283a]" started-at="2022-11-24T17:34:26Z" name="afterMethod" finished-at="2022-11-24T17:34:26Z" duration-ms="0" status="PASS">
          <reporter-output>
          </reporter-output>
        </test-method> <!-- afterMethod -->
        <test-method is-config="true" signature="afterSuite()[pri:0, instance:scripts.TestCase@69b2283a]" started-at="2022-11-24T17:34:26Z" name="afterSuite" finished-at="2022-11-24T17:34:26Z" duration-ms="333" status="PASS">
          <reporter-output>
          </reporter-output>
        </test-method> <!-- afterSuite -->
      </class> <!-- scripts.TestCase -->
    </test> <!-- Command line test -->
  </suite> <!-- Command line suite -->
</testng-results>
