<?xml version="1.0" encoding="UTF-8"?>
<testng-results total="1" passed="1" failed="0" skipped="0">
  <reporter-output>
  </reporter-output>
  <suite started-at="2022-12-05T12:44:22Z" name="Herokuapp Automation Rgression Suite" finished-at="2022-12-05T12:45:24Z" duration-ms="61179">
    <groups>
    </groups>
    <test started-at="2022-12-05T12:44:22Z" name="RegressionSuite" finished-at="2022-12-05T12:45:24Z" duration-ms="61179">
      <class name="scripts.TestCase">
        <test-method is-config="true" signature="beforeSuite()[pri:0, instance:scripts.TestCase@282cb7c7]" started-at="2022-12-05T18:14:18Z" name="beforeSuite" finished-at="2022-12-05T18:14:22Z" duration-ms="4061" status="PASS">
          <reporter-output>
          </reporter-output>
        </test-method> <!-- beforeSuite -->
        <test-method is-config="true" signature="beforemethod()[pri:0, instance:scripts.TestCase@282cb7c7]" started-at="2022-12-05T18:14:22Z" name="beforemethod" finished-at="2022-12-05T18:14:22Z" duration-ms="0" status="PASS">
          <reporter-output>
          </reporter-output>
        </test-method> <!-- beforemethod -->
        <test-method signature="tc_1()[pri:0, instance:scripts.TestCase@282cb7c7]" started-at="2022-12-05T18:14:22Z" name="tc_1" description="TC001-This test verifies validation message displayed when user login with blank user name and password" finished-at="2022-12-05T18:15:14Z" duration-ms="51117" status="PASS">
          <reporter-output>
          </reporter-output>
        </test-method> <!-- tc_1 -->
        <test-method is-config="true" signature="afterMethod()[pri:0, instance:scripts.TestCase@282cb7c7]" started-at="2022-12-05T18:15:14Z" name="afterMethod" finished-at="2022-12-05T18:15:24Z" duration-ms="10057" status="PASS">
          <reporter-output>
          </reporter-output>
        </test-method> <!-- afterMethod -->
        <test-method is-config="true" signature="afterSuite()[pri:0, instance:scripts.TestCase@282cb7c7]" started-at="2022-12-05T18:15:24Z" name="afterSuite" finished-at="2022-12-05T18:15:24Z" duration-ms="162" status="PASS">
          <reporter-output>
          </reporter-output>
        </test-method> <!-- afterSuite -->
      </class> <!-- scripts.TestCase -->
    </test> <!-- RegressionSuite -->
  </suite> <!-- Herokuapp Automation Rgression Suite -->
</testng-results>
